<?xml version="1.0" encoding="UTF-8"?>
<testsuite name="com.example.automated.testing.tests.RozetkaHomePageTests" tests="1" skipped="0" failures="0" errors="0" timestamp="2021-11-28T12:09:52" hostname="andrii-k53sd" time="20.264">
  <properties/>
  <testcase name="Should show search query in page header" classname="com.example.automated.testing.tests.RozetkaHomePageTests" time="20.264"/>
  <system-out><![CDATA[]]></system-out>
  <system-err><![CDATA[Starting ChromeDriver 96.0.4664.45 (76e4c1bb2ab4671b8beba3444e61c0f17584b2fc-refs/branch-heads/4664@{#947}) on port 57745
Only local connections are allowed.
Please see https://chromedriver.chromium.org/security-considerations for suggestions on keeping ChromeDriver safe.
ChromeDriver was started successfully.
Nov 28, 2021 2:09:52 PM org.openqa.selenium.remote.ProtocolHandshake createSession
INFO: Detected dialect: W3C
Nov 28, 2021 2:09:52 PM org.openqa.selenium.devtools.CdpVersionFinder findNearestMatch
INFO: Found exact CDP implementation for version 96
]]></system-err>
</testsuite>
